-encoding
UTF-8
-outxml
-source
1.6
-target
1.6
-classpath
/home/vagrant/.m2/repository/junit/junit/4.11/junit-4.11.jar:/home/vagrant/.m2/repository/log4j/log4j/1.2.17/log4j-1.2.17.jar:/home/vagrant/.m2/repository/org/slf4j/slf4j-api/1.7.5/slf4j-api-1.7.5.jar:/home/vagrant/.m2/repository/org/slf4j/jcl-over-slf4j/1.7.5/jcl-over-slf4j-1.7.5.jar:/home/vagrant/.m2/repository/org/slf4j/slf4j-log4j12/1.7.5/slf4j-log4j12-1.7.5.jar:/home/vagrant/.m2/repository/org/aspectj/aspectjrt/1.8.1/aspectjrt-1.8.1.jar:/home/vagrant/.m2/repository/org/aspectj/aspectjweaver/1.8.1/aspectjweaver-1.8.1.jar:/home/vagrant/.m2/repository/javax/servlet/servlet-api/2.5/servlet-api-2.5.jar:/home/vagrant/.m2/repository/net/sf/flexjson/flexjson/2.1/flexjson-2.1.jar:/home/vagrant/.m2/repository/org/apache/commons/commons-lang3/3.1/commons-lang3-3.1.jar:/home/vagrant/.m2/repository/org/springframework/roo/org.springframework.roo.annotations/1.3.2.RELEASE/org.springframework.roo.annotations-1.3.2.RELEASE.jar:/home/vagrant/.m2/repository/org/springframework/spring-core/3.2.8.RELEASE/spring-core-3.2.8.RELEASE.jar:/home/vagrant/.m2/repository/org/springframework/spring-test/3.2.8.RELEASE/spring-test-3.2.8.RELEASE.jar:/home/vagrant/.m2/repository/org/springframework/spring-context/3.2.8.RELEASE/spring-context-3.2.8.RELEASE.jar:/home/vagrant/.m2/repository/org/springframework/spring-aop/3.2.8.RELEASE/spring-aop-3.2.8.RELEASE.jar:/home/vagrant/.m2/repository/org/springframework/spring-aspects/3.2.8.RELEASE/spring-aspects-3.2.8.RELEASE.jar:/home/vagrant/.m2/repository/postgresql/postgresql/9.1-901-1.jdbc4/postgresql-9.1-901-1.jdbc4.jar:/home/vagrant/.m2/repository/org/hibernate/hibernate-core/4.3.6.Final/hibernate-core-4.3.6.Final.jar:/home/vagrant/.m2/repository/org/hibernate/hibernate-entitymanager/4.3.6.Final/hibernate-entitymanager-4.3.6.Final.jar:/home/vagrant/.m2/repository/org/hibernate/javax/persistence/hibernate-jpa-2.1-api/1.0.0.Final/hibernate-jpa-2.1-api-1.0.0.Final.jar:/home/vagrant/.m2/repository/commons-collections/commons-collections/3.2.1/commons-collections-3.2.1.jar:/home/vagrant/.m2/repository/org/hibernate/hibernate-validator/4.3.2.Final/hibernate-validator-4.3.2.Final.jar:/home/vagrant/.m2/repository/javax/validation/validation-api/1.0.0.GA/validation-api-1.0.0.GA.jar:/home/vagrant/.m2/repository/javax/transaction/jta/1.1/jta-1.1.jar:/home/vagrant/.m2/repository/org/springframework/spring-jdbc/3.2.8.RELEASE/spring-jdbc-3.2.8.RELEASE.jar:/home/vagrant/.m2/repository/org/springframework/spring-orm/3.2.8.RELEASE/spring-orm-3.2.8.RELEASE.jar:/home/vagrant/.m2/repository/commons-pool/commons-pool/1.5.6/commons-pool-1.5.6.jar:/home/vagrant/.m2/repository/commons-dbcp/commons-dbcp/1.4/commons-dbcp-1.4.jar:/home/vagrant/.m2/repository/org/springframework/spring-webmvc/3.2.8.RELEASE/spring-webmvc-3.2.8.RELEASE.jar:/home/vagrant/.m2/repository/org/springframework/webflow/spring-js-resources/2.2.1.RELEASE/spring-js-resources-2.2.1.RELEASE.jar:/home/vagrant/.m2/repository/commons-digester/commons-digester/2.1/commons-digester-2.1.jar:/home/vagrant/.m2/repository/commons-fileupload/commons-fileupload/1.2.2/commons-fileupload-1.2.2.jar:/home/vagrant/.m2/repository/javax/servlet/jsp/jstl/jstl-api/1.2/jstl-api-1.2.jar:/home/vagrant/.m2/repository/org/glassfish/web/jstl-impl/1.2/jstl-impl-1.2.jar:/home/vagrant/.m2/repository/javax/el/el-api/2.2/el-api-2.2.jar:/home/vagrant/.m2/repository/joda-time/joda-time/1.6/joda-time-1.6.jar:/home/vagrant/.m2/repository/javax/servlet/jsp/jsp-api/2.1/jsp-api-2.1.jar:/home/vagrant/.m2/repository/commons-codec/commons-codec/1.5/commons-codec-1.5.jar:/home/vagrant/.m2/repository/org/apache/tiles/tiles-jsp/2.2.2/tiles-jsp-2.2.2.jar:/home/vagrant/.m2/repository/commons-io/commons-io/2.4/commons-io-2.4.jar:/home/vagrant/.m2/repository/org/springframework/spring-beans/3.2.8.RELEASE/spring-beans-3.2.8.RELEASE.jar:/home/vagrant/.m2/repository/org/springframework/spring-expression/3.2.8.RELEASE/spring-expression-3.2.8.RELEASE.jar:/home/vagrant/.m2/repository/aopalliance/aopalliance/1.0/aopalliance-1.0.jar:/home/vagrant/.m2/repository/org/jboss/logging/jboss-logging/3.1.3.GA/jboss-logging-3.1.3.GA.jar:/home/vagrant/.m2/repository/org/jboss/logging/jboss-logging-annotations/1.2.0.Beta1/jboss-logging-annotations-1.2.0.Beta1.jar:/home/vagrant/.m2/repository/org/jboss/spec/javax/transaction/jboss-transaction-api_1.2_spec/1.0.0.Final/jboss-transaction-api_1.2_spec-1.0.0.Final.jar:/home/vagrant/.m2/repository/dom4j/dom4j/1.6.1/dom4j-1.6.1.jar:/home/vagrant/.m2/repository/xml-apis/xml-apis/1.0.b2/xml-apis-1.0.b2.jar:/home/vagrant/.m2/repository/org/hibernate/common/hibernate-commons-annotations/4.0.5.Final/hibernate-commons-annotations-4.0.5.Final.jar:/home/vagrant/.m2/repository/org/javassist/javassist/3.18.1-GA/javassist-3.18.1-GA.jar:/home/vagrant/.m2/repository/antlr/antlr/2.7.7/antlr-2.7.7.jar:/home/vagrant/.m2/repository/org/jboss/jandex/1.1.0.Final/jandex-1.1.0.Final.jar:/home/vagrant/.m2/repository/org/springframework/spring-tx/3.2.8.RELEASE/spring-tx-3.2.8.RELEASE.jar:/home/vagrant/.m2/repository/org/springframework/spring-web/3.2.8.RELEASE/spring-web-3.2.8.RELEASE.jar:/home/vagrant/.m2/repository/commons-beanutils/commons-beanutils/1.8.3/commons-beanutils-1.8.3.jar:/home/vagrant/.m2/repository/org/apache/tiles/tiles-servlet/2.2.2/tiles-servlet-2.2.2.jar:/home/vagrant/.m2/repository/org/apache/tiles/tiles-core/2.2.2/tiles-core-2.2.2.jar:/home/vagrant/.m2/repository/org/apache/tiles/tiles-template/2.2.2/tiles-template-2.2.2.jar:/home/vagrant/.m2/repository/org/apache/tiles/tiles-api/2.2.2/tiles-api-2.2.2.jar:/home/vagrant/src/sigma4c/target/classes
-aspectpath
/home/vagrant/.m2/repository/org/springframework/spring-aspects/3.2.8.RELEASE/spring-aspects-3.2.8.RELEASE.jar
-d
/home/vagrant/src/sigma4c/target/classes
/home/vagrant/src/sigma4c/src/main/java/org/sigma/core/service/FuenteHidricaService.java
/home/vagrant/src/sigma4c/src/main/java/org/sigma/core/service/MuestraService.java
/home/vagrant/src/sigma4c/src/main/java/org/sigma/core/service/ParametroService_Roo_Service.aj
/home/vagrant/src/sigma4c/src/main/java/org/sigma/core/service/ProyectoService_Roo_Service.aj
/home/vagrant/src/sigma4c/src/main/java/org/sigma/core/service/UserService_Roo_Service.aj
/home/vagrant/src/sigma4c/src/main/java/org/sigma/core/service/impl/ProyectoServiceImpl.java
/home/vagrant/src/sigma4c/src/main/java/org/sigma/core/service/impl/EmpresaServiceImpl_Roo_Service.aj
/home/vagrant/src/sigma4c/src/main/java/org/sigma/core/service/impl/UserServiceImpl_Roo_Service.aj
/home/vagrant/src/sigma4c/src/main/java/org/sigma/core/service/impl/ParametroServiceImpl_Roo_Service.aj
/home/vagrant/src/sigma4c/src/main/java/org/sigma/core/service/impl/ParametroServiceImpl.java
/home/vagrant/src/sigma4c/src/main/java/org/sigma/core/service/impl/ProyectoServiceImpl_Roo_Service.aj
/home/vagrant/src/sigma4c/src/main/java/org/sigma/core/service/impl/EmpresaServiceImpl.java
/home/vagrant/src/sigma4c/src/main/java/org/sigma/core/service/impl/MuestraServiceImpl.java
/home/vagrant/src/sigma4c/src/main/java/org/sigma/core/service/impl/UserServiceImpl.java
/home/vagrant/src/sigma4c/src/main/java/org/sigma/core/service/impl/RolServiceImpl.java
/home/vagrant/src/sigma4c/src/main/java/org/sigma/core/service/impl/FuenteHidricaServiceImpl_Roo_Service.aj
/home/vagrant/src/sigma4c/src/main/java/org/sigma/core/service/impl/FuenteHidricaServiceImpl.java
/home/vagrant/src/sigma4c/src/main/java/org/sigma/core/service/impl/MuestraServiceImpl_Roo_Service.aj
/home/vagrant/src/sigma4c/src/main/java/org/sigma/core/service/impl/RolServiceImpl_Roo_Service.aj
/home/vagrant/src/sigma4c/src/main/java/org/sigma/core/service/UserService.java
/home/vagrant/src/sigma4c/src/main/java/org/sigma/core/service/EmpresaService_Roo_Service.aj
/home/vagrant/src/sigma4c/src/main/java/org/sigma/core/service/FuenteHidricaService_Roo_Service.aj
/home/vagrant/src/sigma4c/src/main/java/org/sigma/core/service/ProyectoService.java
/home/vagrant/src/sigma4c/src/main/java/org/sigma/core/service/ParametroService.java
/home/vagrant/src/sigma4c/src/main/java/org/sigma/core/service/MuestraService_Roo_Service.aj
/home/vagrant/src/sigma4c/src/main/java/org/sigma/core/service/RolService_Roo_Service.aj
/home/vagrant/src/sigma4c/src/main/java/org/sigma/core/service/EmpresaService.java
/home/vagrant/src/sigma4c/src/main/java/org/sigma/core/service/RolService.java
/home/vagrant/src/sigma4c/src/main/java/org/sigma/core/web/MuestraController_Roo_Controller.aj
/home/vagrant/src/sigma4c/src/main/java/org/sigma/core/web/RolController.java
/home/vagrant/src/sigma4c/src/main/java/org/sigma/core/web/MuestraController.java
/home/vagrant/src/sigma4c/src/main/java/org/sigma/core/web/FuenteHidricaController.java
/home/vagrant/src/sigma4c/src/main/java/org/sigma/core/web/ParametroController_Roo_Controller.aj
/home/vagrant/src/sigma4c/src/main/java/org/sigma/core/web/ProyectoController_Roo_Controller.aj
/home/vagrant/src/sigma4c/src/main/java/org/sigma/core/web/EmpresaController_Roo_Controller.aj
/home/vagrant/src/sigma4c/src/main/java/org/sigma/core/web/ProyectoController.java
/home/vagrant/src/sigma4c/src/main/java/org/sigma/core/web/ApplicationConversionServiceFactoryBean_Roo_ConversionService.aj
/home/vagrant/src/sigma4c/src/main/java/org/sigma/core/web/FuenteHidricaController_Roo_Controller.aj
/home/vagrant/src/sigma4c/src/main/java/org/sigma/core/web/RolController_Roo_Controller.aj
/home/vagrant/src/sigma4c/src/main/java/org/sigma/core/web/UserController.java
/home/vagrant/src/sigma4c/src/main/java/org/sigma/core/web/ApplicationConversionServiceFactoryBean.java
/home/vagrant/src/sigma4c/src/main/java/org/sigma/core/web/EmpresaController.java
/home/vagrant/src/sigma4c/src/main/java/org/sigma/core/web/UserController_Roo_Controller.aj
/home/vagrant/src/sigma4c/src/main/java/org/sigma/core/web/ParametroController.java
/home/vagrant/src/sigma4c/src/main/java/org/sigma/core/domain/Empresa_Roo_Jpa_Entity.aj
/home/vagrant/src/sigma4c/src/main/java/org/sigma/core/domain/FuenteHidrica_Roo_DbManaged.aj
/home/vagrant/src/sigma4c/src/main/java/org/sigma/core/domain/Muestra.java
/home/vagrant/src/sigma4c/src/main/java/org/sigma/core/domain/Proyecto_Roo_DbManaged.aj
/home/vagrant/src/sigma4c/src/main/java/org/sigma/core/domain/Rol_Roo_ToString.aj
/home/vagrant/src/sigma4c/src/main/java/org/sigma/core/domain/Parametro.java
/home/vagrant/src/sigma4c/src/main/java/org/sigma/core/domain/Muestra_Roo_ToString.aj
/home/vagrant/src/sigma4c/src/main/java/org/sigma/core/domain/Empresa.java
/home/vagrant/src/sigma4c/src/main/java/org/sigma/core/domain/User_Roo_Jpa_Entity.aj
/home/vagrant/src/sigma4c/src/main/java/org/sigma/core/domain/Empresa_Roo_DbManaged.aj
/home/vagrant/src/sigma4c/src/main/java/org/sigma/core/domain/Proyecto_Roo_ToString.aj
/home/vagrant/src/sigma4c/src/main/java/org/sigma/core/domain/Parametro_Roo_DbManaged.aj
/home/vagrant/src/sigma4c/src/main/java/org/sigma/core/domain/User_Roo_DbManaged.aj
/home/vagrant/src/sigma4c/src/main/java/org/sigma/core/domain/Proyecto_Roo_Jpa_Entity.aj
/home/vagrant/src/sigma4c/src/main/java/org/sigma/core/domain/User.java
/home/vagrant/src/sigma4c/src/main/java/org/sigma/core/domain/Empresa_Roo_ToString.aj
/home/vagrant/src/sigma4c/src/main/java/org/sigma/core/domain/FuenteHidrica_Roo_Jpa_Entity.aj
/home/vagrant/src/sigma4c/src/main/java/org/sigma/core/domain/Parametro_Roo_ToString.aj
/home/vagrant/src/sigma4c/src/main/java/org/sigma/core/domain/User_Roo_ToString.aj
/home/vagrant/src/sigma4c/src/main/java/org/sigma/core/domain/Proyecto.java
/home/vagrant/src/sigma4c/src/main/java/org/sigma/core/domain/FuenteHidrica_Roo_ToString.aj
/home/vagrant/src/sigma4c/src/main/java/org/sigma/core/domain/Rol_Roo_DbManaged.aj
/home/vagrant/src/sigma4c/src/main/java/org/sigma/core/domain/Muestra_Roo_DbManaged.aj
/home/vagrant/src/sigma4c/src/main/java/org/sigma/core/domain/Muestra_Roo_Jpa_Entity.aj
/home/vagrant/src/sigma4c/src/main/java/org/sigma/core/domain/FuenteHidrica.java
/home/vagrant/src/sigma4c/src/main/java/org/sigma/core/domain/Rol.java
/home/vagrant/src/sigma4c/src/main/java/org/sigma/core/domain/Parametro_Roo_Jpa_Entity.aj
/home/vagrant/src/sigma4c/src/main/java/org/sigma/core/domain/Rol_Roo_Jpa_Entity.aj
